[2022-12-21T17:26:02.974] [INFO] ReactSNS-Backend - connected from localhost:3001 id: I40saiOKqZ9G6tPdAAAB
[2022-12-21T17:26:04.383] [INFO] ReactSNS-Backend - connected from localhost:3001 id: FNbZa65qFXqvbQ7UAAAD
[2022-12-21T17:26:04.495] [INFO] ReactSNS-Backend - connected from localhost:3001 id: 1VQhFQ1fLiVm2TeUAAAF
[2022-12-21T17:26:16.585] [INFO] ReactSNS-Backend - connected from localhost:3001 id: LDUsbdesl5XbQbJoAAAB
[2022-12-21T17:26:20.751] [INFO] ReactSNS-Backend - connected from localhost:3001 id: sv8EMk1ee6FQtD_xAAAD
[2022-12-21T17:26:23.166] [INFO] ReactSNS-Backend - connected from localhost:3001 id: wekZKv284hacJSaCAAAF
[2022-12-21T17:38:00.642] [INFO] ReactSNS-Backend - Process unhandledRejection event is Loading
[2022-12-21T17:38:00.643] [INFO] ReactSNS-Backend - Socket.io connection event is Loading
[2022-12-21T17:38:00.675] [INFO] ReactSNS-Backend - Router /auth is Loading
[2022-12-21T17:38:00.675] [INFO] ReactSNS-Backend - Server Listening http://localhost:3001
[2022-12-21T17:38:29.440] [INFO] ReactSNS-Backend - Process unhandledRejection event is Loading
[2022-12-21T17:38:29.441] [INFO] ReactSNS-Backend - Socket.io connection event is Loading
[2022-12-21T17:38:29.473] [INFO] ReactSNS-Backend - Router /auth is Loading
[2022-12-21T17:38:29.474] [INFO] ReactSNS-Backend - Server Listening http://localhost:3001
[2022-12-21T17:38:52.384] [INFO] ReactSNS-Backend - Process unhandledRejection event is Loading
[2022-12-21T17:38:52.385] [INFO] ReactSNS-Backend - Socket.io connection event is Loading
[2022-12-21T17:38:52.403] [INFO] ReactSNS-Backend - Router /auth is Loading
[2022-12-21T17:38:52.404] [INFO] ReactSNS-Backend - Server Listening http://localhost:3001
[2022-12-21T17:41:38.019] [INFO] ReactSNS-Backend - Process unhandledRejection event is Loading
[2022-12-21T17:41:38.019] [INFO] ReactSNS-Backend - Socket.io connection event is Loading
[2022-12-21T17:41:38.020] [INFO] ReactSNS-Backend - Server Listening http://localhost:3001
[2022-12-21T17:41:39.426] [INFO] ReactSNS-Backend - connected from localhost:3001 id: tKoY7Mj0M8ykUsTIAAAB
[2022-12-21T17:41:39.984] [INFO] ReactSNS-Backend - connected from localhost:3001 id: DXu3-7DvAD3VaDJLAAAD
[2022-12-21T17:41:41.095] [INFO] ReactSNS-Backend - connected from localhost:3001 id: 8AXM2lUxumvJZnMhAAAF
[2022-12-21T17:41:57.791] [INFO] ReactSNS-Backend - Process unhandledRejection event is Loading
[2022-12-21T17:41:57.792] [INFO] ReactSNS-Backend - Socket.io connection event is Loading
[2022-12-21T17:41:57.792] [INFO] ReactSNS-Backend - Server Listening http://localhost:3001
[2022-12-21T17:42:01.058] [INFO] ReactSNS-Backend - connected from localhost:3001 id: i-ycqBIK7kackwD2AAAB
[2022-12-21T17:42:01.122] [INFO] ReactSNS-Backend - connected from localhost:3001 id: IUiDD1-PZqEheNr2AAAD
[2022-12-21T17:42:01.771] [INFO] ReactSNS-Backend - connected from localhost:3001 id: qJhMvXrZRJlNTGHlAAAF
[2022-12-21T17:42:08.730] [INFO] ReactSNS-Backend - connected from localhost:3001 id: qa32FBbM0LacmcKBAAAH
[2022-12-21T17:42:16.105] [INFO] ReactSNS-Backend - connected from localhost:3001 id: W93T7YJgrx-t_L5sAAAJ
[2022-12-21T17:42:27.231] [INFO] ReactSNS-Backend - connected from localhost:3001 id: wkFzxXWX1o5hiOjCAAAL
[2022-12-21T17:42:49.392] [INFO] ReactSNS-Backend - connected from localhost:3001 id: dA_ZjfTb98kxUROkAAAO
[2022-12-21T17:42:49.393] [INFO] ReactSNS-Backend - connected from localhost:3001 id: WcsmRNbZqjMiRTViAAAP
[2022-12-21T17:43:14.150] [INFO] ReactSNS-Backend - connected from localhost:3001 id: _8CYZNdX6UgXkc8sAAAS
[2022-12-21T17:43:14.152] [INFO] ReactSNS-Backend - connected from localhost:3001 id: OgZ82f_Hdk4yC8VEAAAT
[2022-12-21T17:43:19.702] [INFO] ReactSNS-Backend - connected from localhost:3001 id: aosVPNwc51Oi-guyAAAV
[2022-12-21T17:43:20.022] [INFO] ReactSNS-Backend - connected from localhost:3001 id: 9Z-0eLwwhgPWRAP1AAAY
[2022-12-21T17:43:20.030] [INFO] ReactSNS-Backend - connected from localhost:3001 id: 47LOwGVtXXIzB5ZSAAAZ
[2022-12-21T17:43:32.952] [INFO] ReactSNS-Backend - connected from localhost:3001 id: _iT_bH04yrX74uCsAAAb
[2022-12-21T17:43:33.273] [INFO] ReactSNS-Backend - connected from localhost:3001 id: SOCiwYjbNKFdaQaJAAAe
[2022-12-21T17:43:33.282] [INFO] ReactSNS-Backend - connected from localhost:3001 id: AuKw1hNp-dvksEUAAAAf
[2022-12-21T17:43:47.888] [INFO] ReactSNS-Backend - connected from localhost:3001 id: mTevdX8jx_tMJtcRAAAh
[2022-12-21T17:43:48.363] [INFO] ReactSNS-Backend - connected from localhost:3001 id: US_pDW5rfsZpaSXuAAAk
[2022-12-21T17:43:48.371] [INFO] ReactSNS-Backend - connected from localhost:3001 id: hbs0Xi-zlb5X9sLsAAAl
[2022-12-21T17:44:29.164] [INFO] ReactSNS-Backend - Process unhandledRejection event is Loading
[2022-12-21T17:44:29.165] [INFO] ReactSNS-Backend - Socket.io connection event is Loading
[2022-12-21T17:44:29.166] [INFO] ReactSNS-Backend - Server Listening http://localhost:3001
[2022-12-21T17:44:29.882] [INFO] ReactSNS-Backend - connected from localhost:3001 id: 11HuTc4POuhftCTzAAAB
[2022-12-21T17:44:30.949] [INFO] ReactSNS-Backend - connected from localhost:3001 id: 6Czqry9bWbcTofj6AAAD
[2022-12-21T17:44:38.968] [INFO] ReactSNS-Backend - connected from localhost:3001 id: aHzbwHeipPss_dAYAAAG
[2022-12-21T17:44:38.969] [INFO] ReactSNS-Backend - connected from localhost:3001 id: fhKFW-WMT-VcsORSAAAH
[2022-12-21T17:44:57.426] [INFO] ReactSNS-Backend - Process unhandledRejection event is Loading
[2022-12-21T17:44:57.427] [INFO] ReactSNS-Backend - Socket.io connection event is Loading
[2022-12-21T17:44:57.428] [INFO] ReactSNS-Backend - Server Listening http://localhost:3001
[2022-12-21T17:44:57.929] [INFO] ReactSNS-Backend - connected from localhost:3001 id: Ux0sgenKr1TNDB8aAAAB
[2022-12-21T17:44:57.941] [INFO] ReactSNS-Backend - connected from localhost:3001 id: gquJzVC9j91t1964AAAD
[2022-12-21T17:45:05.475] [INFO] ReactSNS-Backend - connected from localhost:3001 id: 0yBqudZInJP-dtT0AAAG
[2022-12-21T17:45:05.496] [INFO] ReactSNS-Backend - connected from localhost:3001 id: AMXyKpE2HCDBG_znAAAH
[2022-12-21T17:45:06.687] [INFO] ReactSNS-Backend - connected from localhost:3001 id: 4SHMd_BO5eZOnhdRAAAJ
[2022-12-21T17:45:07.169] [INFO] ReactSNS-Backend - connected from localhost:3001 id: d7C7h3A8IcnbBTjNAAAM
[2022-12-21T17:45:07.172] [INFO] ReactSNS-Backend - connected from localhost:3001 id: vwyX_EMu4pZMxizuAAAN
[2022-12-21T17:47:59.681] [INFO] ReactSNS-Backend - connected from localhost:3001 id: VpW7d2t_k69JcWi7AAAQ
[2022-12-21T17:47:59.685] [INFO] ReactSNS-Backend - connected from localhost:3001 id: bCz5Ul-GFfIRIU9rAAAR
[2022-12-21T17:48:08.424] [INFO] ReactSNS-Backend - connected from localhost:3001 id: rRPKjCSqO-pW7i0nAAAU
[2022-12-21T17:48:08.425] [INFO] ReactSNS-Backend - connected from localhost:3001 id: EcJSBbx7GMoQrMLbAAAV
[2022-12-21T17:48:15.223] [INFO] ReactSNS-Backend - connected from localhost:3001 id: YHw-rNLUTarm4VT3AAAX
[2022-12-21T17:48:15.735] [INFO] ReactSNS-Backend - connected from localhost:3001 id: IZ9DnxQqxgotg-3nAAAa
[2022-12-21T17:48:15.744] [INFO] ReactSNS-Backend - connected from localhost:3001 id: WsM2CuB1OW3lhEEgAAAb
[2022-12-21T17:48:33.025] [INFO] ReactSNS-Backend - connected from localhost:3001 id: AojW8e1TwYTpDycrAAAe
[2022-12-21T17:48:33.027] [INFO] ReactSNS-Backend - connected from localhost:3001 id: XGDtPM8wEG6MFTpUAAAf
[2022-12-21T17:48:34.264] [INFO] ReactSNS-Backend - connected from localhost:3001 id: Alq_9aUQe_7vgeFUAAAi
[2022-12-21T17:48:34.265] [INFO] ReactSNS-Backend - connected from localhost:3001 id: AlebunWmtivAnTH9AAAj
[2022-12-21T17:48:39.246] [INFO] ReactSNS-Backend - connected from localhost:3001 id: 03T4d7nOOIbPnVuBAAAl
[2022-12-21T17:48:39.734] [INFO] ReactSNS-Backend - connected from localhost:3001 id: ySWGMR5Yco_v4smJAAAo
[2022-12-21T17:48:39.742] [INFO] ReactSNS-Backend - connected from localhost:3001 id: GL3E7YxIZDAzMkHRAAAp
[2022-12-21T17:49:37.700] [INFO] ReactSNS-Backend - connected from localhost:3001 id: oI3HmLU8SeFhoXCxAAAs
[2022-12-21T17:49:37.703] [INFO] ReactSNS-Backend - connected from localhost:3001 id: YbqtMkUpZjwcBzX4AAAt
[2022-12-21T17:49:39.063] [INFO] ReactSNS-Backend - connected from localhost:3001 id: j0P2eyTlPmBC6HPoAAAw
[2022-12-21T17:49:39.065] [INFO] ReactSNS-Backend - connected from localhost:3001 id: 6yCoEH9WcK6Gp7WcAAAx
[2022-12-21T17:49:44.273] [INFO] ReactSNS-Backend - connected from localhost:3001 id: 1xD42LhhUHhNJ5N8AAAz
[2022-12-21T17:49:44.780] [INFO] ReactSNS-Backend - connected from localhost:3001 id: lJ-43j_ESegFqftYAAA2
[2022-12-21T17:49:44.787] [INFO] ReactSNS-Backend - connected from localhost:3001 id: atjBM-TChc_sUBeuAAA3
[2022-12-21T17:49:50.782] [INFO] ReactSNS-Backend - connected from localhost:3001 id: 8bih3mOGF63_VAwvAAA6
[2022-12-21T17:49:50.786] [INFO] ReactSNS-Backend - connected from localhost:3001 id: F93Vpoe7jWW9htGBAAA7
[2022-12-21T17:52:04.744] [INFO] ReactSNS-Backend - connected from localhost:3001 id: Frf9-6W3c31V5597AAA-
[2022-12-21T17:52:04.747] [INFO] ReactSNS-Backend - connected from localhost:3001 id: ppcfD40AZ2rbcNbPAAA_
[2022-12-21T17:52:25.539] [INFO] ReactSNS-Backend - connected from localhost:3001 id: 5_Gd0HPfY7rDEXARAABC
[2022-12-21T17:52:25.540] [INFO] ReactSNS-Backend - connected from localhost:3001 id: p7neBbnOVEy2TCujAABD
[2022-12-21T17:53:06.007] [INFO] ReactSNS-Backend - Process unhandledRejection event is Loading
[2022-12-21T17:53:06.008] [INFO] ReactSNS-Backend - Socket.io connection event is Loading
[2022-12-21T17:53:06.009] [INFO] ReactSNS-Backend - Server Listening http://localhost:3001
[2022-12-21T17:53:06.966] [INFO] ReactSNS-Backend - connected from localhost:3001 id: QYz36xnLIOSMeI6CAAAB
[2022-12-21T17:53:09.065] [INFO] ReactSNS-Backend - connected from localhost:3001 id: Y9IVI_uKumxWnMWdAAAD
[2022-12-21T17:53:09.078] [INFO] ReactSNS-Backend - connected from localhost:3001 id: G8RcEst71xTXCjqGAAAJ
[2022-12-21T17:53:09.082] [INFO] ReactSNS-Backend - connected from localhost:3001 id: Xz8KeB9Vj5K27kxQAAAK
[2022-12-21T17:53:09.085] [INFO] ReactSNS-Backend - connected from localhost:3001 id: jPouzgypdmOBAXAnAAAL
[2022-12-21T17:53:09.090] [INFO] ReactSNS-Backend - connected from localhost:3001 id: cKssKbhX3wu-7SOWAAAM
[2022-12-21T17:53:09.095] [INFO] ReactSNS-Backend - connected from localhost:3001 id: 83x1brYsVkEcO8L7AAAN
[2022-12-21T17:53:09.290] [INFO] ReactSNS-Backend - connected from localhost:3001 id: XPK9F4OFzvTb5q11AAAP
[2022-12-21T17:53:09.794] [INFO] ReactSNS-Backend - connected from localhost:3001 id: NVOeWUuVDJ0A6Yt_AAAR
[2022-12-21T17:53:09.813] [INFO] ReactSNS-Backend - connected from localhost:3001 id: FkC5BExkcLUV0B8pAAAV
[2022-12-21T17:53:09.817] [INFO] ReactSNS-Backend - connected from localhost:3001 id: d3auy6UKi5o8lIRGAAAW
[2022-12-21T17:53:09.821] [INFO] ReactSNS-Backend - connected from localhost:3001 id: cRzLA72U4Fr0mTOCAAAX
[2022-12-21T17:53:10.013] [INFO] ReactSNS-Backend - connected from localhost:3001 id: u3ExTyLM_UWzaL43AAAZ
[2022-12-21T17:53:10.635] [INFO] ReactSNS-Backend - connected from localhost:3001 id: _t9t9pzWFSHI9kvHAAAb
[2022-12-21T17:54:05.339] [INFO] ReactSNS-Backend - connected from localhost:3001 id: oaWJrnAs6qQULmUiAAAe
[2022-12-21T17:54:05.341] [INFO] ReactSNS-Backend - connected from localhost:3001 id: 6pN8YRYqurY55X8YAAAf
[2022-12-21T17:54:08.435] [INFO] ReactSNS-Backend - Process unhandledRejection event is Loading
[2022-12-21T17:54:08.436] [INFO] ReactSNS-Backend - Socket.io connection event is Loading
[2022-12-21T17:54:08.437] [INFO] ReactSNS-Backend - Server Listening http://localhost:3001
[2022-12-21T17:54:08.447] [INFO] ReactSNS-Backend - connected from localhost:3001 id: 0O91e71xuWNWioFUAAAB
[2022-12-21T17:54:08.539] [INFO] ReactSNS-Backend - connected from localhost:3001 id: YI5_ML0iY0PyTJSFAAAD
[2022-12-21T17:54:08.653] [INFO] ReactSNS-Backend - connected from localhost:3001 id: qZVVTN6CEr63jyhUAAAF
[2022-12-21T17:54:08.747] [INFO] ReactSNS-Backend - connected from localhost:3001 id: JHoNyJgGmj1HeVPxAAAH
[2022-12-21T17:54:09.055] [INFO] ReactSNS-Backend - connected from localhost:3001 id: y2SmJb6uWy3XSn-yAAAN
[2022-12-21T17:54:09.061] [INFO] ReactSNS-Backend - connected from localhost:3001 id: WnHRmuKuUtjp1OimAAAS
[2022-12-21T17:54:09.066] [INFO] ReactSNS-Backend - connected from localhost:3001 id: ndpCdlqXC3udKE65AAAV
[2022-12-21T17:54:09.068] [INFO] ReactSNS-Backend - connected from localhost:3001 id: fr8w5qssdYdM9NZkAAAW
[2022-12-21T17:54:09.072] [INFO] ReactSNS-Backend - connected from localhost:3001 id: UlUVdVHEPlESblWxAAAX
[2022-12-21T17:54:09.074] [INFO] ReactSNS-Backend - connected from localhost:3001 id: H5ENZChNoCkVAM9uAAAY
[2022-12-21T17:54:09.075] [INFO] ReactSNS-Backend - connected from localhost:3001 id: RM2bzNHAhNZjo4h4AAAZ
[2022-12-21T17:54:09.077] [INFO] ReactSNS-Backend - connected from localhost:3001 id: 1CTOEBrfxXHTg69VAAAa
[2022-12-21T17:54:09.087] [INFO] ReactSNS-Backend - connected from localhost:3001 id: 6hld5v6RiAcvu7_9AAAb
[2022-12-21T17:54:09.088] [INFO] ReactSNS-Backend - connected from localhost:3001 id: VVbKFombjgLrQnhHAAAc
[2022-12-21T17:54:09.090] [INFO] ReactSNS-Backend - connected from localhost:3001 id: 130wZFGH9w6VKOvwAAAd
[2022-12-21T17:54:11.215] [INFO] ReactSNS-Backend - connected from localhost:3001 id: vY2ixlPZtEPgk6YLAAAf
[2022-12-21T17:57:19.476] [INFO] ReactSNS-Backend - connected from localhost:3001 id: 1OBLOiMfK8zKuUxNAAAi
[2022-12-21T17:57:19.481] [INFO] ReactSNS-Backend - connected from localhost:3001 id: yihDn_PYlgugff_9AAAj
[2022-12-21T17:57:23.456] [INFO] ReactSNS-Backend - connected from localhost:3001 id: xdIBtq96PX5i39zrAAAm
[2022-12-21T17:57:23.458] [INFO] ReactSNS-Backend - connected from localhost:3001 id: hpuHcbaZEvE5pMaiAAAn
[2022-12-21T17:57:32.284] [INFO] ReactSNS-Backend - connected from localhost:3001 id: eN6o7jI-eG0yMhzTAAAq
[2022-12-21T17:57:32.285] [INFO] ReactSNS-Backend - connected from localhost:3001 id: Iy3XCiDcvZ839LphAAAr
[2022-12-21T17:57:38.001] [INFO] ReactSNS-Backend - Process unhandledRejection event is Loading
[2022-12-21T17:57:38.001] [INFO] ReactSNS-Backend - Socket.io connection event is Loading
[2022-12-21T17:57:38.002] [INFO] ReactSNS-Backend - Server Listening http://localhost:3001
[2022-12-21T17:57:38.050] [INFO] ReactSNS-Backend - connected from localhost:3001 id: B7qyYkDPuTNJ8hgZAAAB
[2022-12-21T17:57:38.137] [INFO] ReactSNS-Backend - connected from localhost:3001 id: 2K3MFzY089umOmrHAAAD
[2022-12-21T17:57:38.261] [INFO] ReactSNS-Backend - connected from localhost:3001 id: 8iRmcM4TzBpY9vCOAAAF
[2022-12-21T17:57:38.466] [INFO] ReactSNS-Backend - connected from localhost:3001 id: K1Tl8nSxwRrsQiLaAAAH
[2022-12-21T17:57:38.660] [INFO] ReactSNS-Backend - connected from localhost:3001 id: Hqb1V_hDVl7m_wDIAAAJ
[2022-12-21T17:57:38.950] [INFO] ReactSNS-Backend - connected from localhost:3001 id: civyHcKlJOwkvctWAAAL
[2022-12-21T17:57:39.360] [INFO] ReactSNS-Backend - connected from localhost:3001 id: eM5dXEjUlv2yYIoNAAAb
[2022-12-21T17:57:39.362] [INFO] ReactSNS-Backend - connected from localhost:3001 id: tYJVsXyCnGVDVzxXAAAd
[2022-12-21T17:57:39.366] [INFO] ReactSNS-Backend - connected from localhost:3001 id: twSn5b3WPTnrZZYNAAAe
[2022-12-21T17:57:39.368] [INFO] ReactSNS-Backend - connected from localhost:3001 id: Z1SbPE2gHgdTRw9KAAAf
[2022-12-21T17:57:39.371] [INFO] ReactSNS-Backend - connected from localhost:3001 id: _BF-WsH1IDRJJZ4-AAAg
[2022-12-21T17:57:39.373] [INFO] ReactSNS-Backend - connected from localhost:3001 id: uAI5mzuutERCdZ9-AAAh
[2022-12-21T17:57:39.373] [INFO] ReactSNS-Backend - connected from localhost:3001 id: ww0m5lfTTR2Ibx9CAAAi
[2022-12-21T17:57:39.376] [INFO] ReactSNS-Backend - connected from localhost:3001 id: Jt0sIyPb6AjM6KzZAAAj
[2022-12-21T17:57:39.378] [INFO] ReactSNS-Backend - connected from localhost:3001 id: CP47kkQLvaL31MQCAAAk
[2022-12-21T17:57:39.379] [INFO] ReactSNS-Backend - connected from localhost:3001 id: eCIB8DQcTP-1yQIpAAAl
[2022-12-21T17:57:39.380] [INFO] ReactSNS-Backend - connected from localhost:3001 id: mDr13Tf9hqbEW88BAAAm
[2022-12-21T17:57:39.383] [INFO] ReactSNS-Backend - connected from localhost:3001 id: -ioeJD-TSTQorIapAAAn
[2022-12-21T17:57:39.387] [INFO] ReactSNS-Backend - connected from localhost:3001 id: 3CegF-hjUAMieVrhAAAo
[2022-12-21T17:57:39.388] [INFO] ReactSNS-Backend - connected from localhost:3001 id: 1A9bXW44glQZN8-3AAAp
[2022-12-21T17:57:39.389] [INFO] ReactSNS-Backend - connected from localhost:3001 id: QI4x0ztSgqKRHvcVAAAq
[2022-12-21T17:57:39.391] [INFO] ReactSNS-Backend - connected from localhost:3001 id: XY5zXw55albNt_OqAAAr
[2022-12-21T17:58:13.559] [INFO] ReactSNS-Backend - connected from localhost:3001 id: PGjTICh9r_DvErDyAAAt
[2022-12-21T17:59:28.726] [INFO] ReactSNS-Backend - connected from localhost:3001 id: 6p5ZG56-h0Qtfxs0AAAv
[2022-12-21T17:59:40.680] [INFO] ReactSNS-Backend - connected from localhost:3001 id: lMisIpwTllvqstouAAAx
[2022-12-21T18:01:15.941] [INFO] ReactSNS-Backend - connected from localhost:3001 id: Gh4D-Ndjxkx8jXCyAAAz
[2022-12-21T18:01:31.515] [INFO] ReactSNS-Backend - connected from localhost:3001 id: 6JutrUvMcOdESk1WAAA1
[2022-12-21T18:02:05.679] [INFO] ReactSNS-Backend - connected from localhost:3001 id: 66ClaOI7cqC2DvI0AAA3
[2022-12-21T18:02:47.261] [INFO] ReactSNS-Backend - connected from localhost:3001 id: w_5ahMsapt-xK1ZEAAA5
[2022-12-21T18:02:54.558] [INFO] ReactSNS-Backend - connected from localhost:3001 id: a2f1Hlv7-cCxx_nTAAA7
[2022-12-21T18:03:22.871] [INFO] ReactSNS-Backend - connected from localhost:3001 id: aDcPJW_vUSQnzVUcAAA9
[2022-12-21T18:04:59.309] [INFO] ReactSNS-Backend - connected from localhost:3001 id: cVGSqriFL6Ia1fW9AAA_
[2022-12-21T18:07:38.068] [INFO] ReactSNS-Backend - connected from localhost:3001 id: 8HRxnkUZ6dJ4xx-WAABB
[2022-12-21T18:11:05.833] [INFO] ReactSNS-Backend - connected from localhost:3001 id: _IinKfVL87raXkfVAABD
[2022-12-21T18:11:18.418] [INFO] ReactSNS-Backend - connected from localhost:3001 id: jMAIYIuG09ux3Ct1AABF
[2022-12-21T18:11:49.521] [INFO] ReactSNS-Backend - connected from localhost:3001 id: rf4yk8_REGzUb_dKAABH
[2022-12-21T18:13:36.449] [INFO] ReactSNS-Backend - connected from localhost:3001 id: 8Uyd4ChrHkZCy7GpAABJ
[2022-12-21T18:13:49.963] [INFO] ReactSNS-Backend - connected from localhost:3001 id: O29iPh756xw9Q8zxAABL
[2022-12-21T18:14:11.238] [INFO] ReactSNS-Backend - connected from localhost:3001 id: DJnGWAJ2EUjZCUIfAABN
[2022-12-21T18:14:18.199] [INFO] ReactSNS-Backend - connected from localhost:3001 id: cyqjDjxnkK1XAILbAABP
[2022-12-21T18:14:18.493] [INFO] ReactSNS-Backend - connected from localhost:3001 id: to6tzr0oNd_Xvd7FAABR
[2022-12-21T18:14:42.002] [INFO] ReactSNS-Backend - connected from localhost:3001 id: bt78G__VxD9jqWF8AABT
[2022-12-21T18:14:56.102] [INFO] ReactSNS-Backend - connected from localhost:3001 id: vdVBATVBMdRxMfqVAABV
[2022-12-21T18:17:40.970] [INFO] ReactSNS-Backend - connected from localhost:3001 id: eS6mog64kBCPOEZ7AABX
[2022-12-21T18:18:06.142] [INFO] ReactSNS-Backend - connected from localhost:3001 id: dBCbcUBhDOhlSaxaAABZ
[2022-12-21T18:18:08.387] [INFO] ReactSNS-Backend - connected from localhost:3001 id: z2fn5iUBckuDBITNAABb
[2022-12-21T18:18:08.759] [INFO] ReactSNS-Backend - connected from localhost:3001 id: U6sanpnEEP6ZCZKTAABd
[2022-12-21T18:18:27.177] [INFO] ReactSNS-Backend - connected from localhost:3001 id: G5FViR0UJDej5mnEAABf
[2022-12-21T18:18:37.982] [INFO] ReactSNS-Backend - connected from localhost:3001 id: R4lpeY8XQCSpuvLZAABh
[2022-12-21T18:18:45.792] [INFO] ReactSNS-Backend - connected from localhost:3001 id: Tg0wR3GslpFTAhewAABj
[2022-12-21T18:18:46.273] [INFO] ReactSNS-Backend - connected from localhost:3001 id: L1KSflW3OW2fQMO2AABl
[2022-12-21T18:18:58.401] [INFO] ReactSNS-Backend - connected from localhost:3001 id: SqloRCjOByqdJsOEAABn
[2022-12-21T18:19:05.016] [INFO] ReactSNS-Backend - connected from localhost:3001 id: 48euGCLeQxaDjqa0AABp
[2022-12-21T18:19:06.347] [INFO] ReactSNS-Backend - connected from localhost:3001 id: 9H5w7m79BN171XSsAABr
[2022-12-21T18:19:08.728] [INFO] ReactSNS-Backend - connected from localhost:3001 id: Ndp6faAgTLklz_2cAABt
[2022-12-21T18:19:09.239] [INFO] ReactSNS-Backend - connected from localhost:3001 id: hXOhtKnadNo3r8WwAABv
[2022-12-21T18:19:31.839] [INFO] ReactSNS-Backend - connected from localhost:3001 id: Thl2Wt0k7ziKH72KAABx
[2022-12-21T18:20:07.543] [INFO] ReactSNS-Backend - connected from localhost:3001 id: bcIgGoNqcJ9CBfE4AABz
[2022-12-21T18:20:22.277] [INFO] ReactSNS-Backend - connected from localhost:3001 id: ORTLFfzpjp2shguOAAB1
[2022-12-21T18:20:29.707] [INFO] ReactSNS-Backend - connected from localhost:3001 id: YhziEh_Qy364HOGrAAB3
[2022-12-21T18:20:53.601] [INFO] ReactSNS-Backend - connected from localhost:3001 id: a1TBtwYVS7669C-NAAB5
[2022-12-21T18:21:04.774] [INFO] ReactSNS-Backend - connected from localhost:3001 id: UJutmtVBOSSWACeBAAB7
[2022-12-21T18:21:07.502] [INFO] ReactSNS-Backend - connected from localhost:3001 id: xqSXnvwgJUHgnkOKAAB9
[2022-12-21T18:21:23.268] [INFO] ReactSNS-Backend - connected from localhost:3001 id: l-4B8WxhX2nsPBd8AAB_
[2022-12-21T18:21:53.123] [INFO] ReactSNS-Backend - connected from localhost:3001 id: IDs0UFlTGQl4Gz_kAACB
[2022-12-21T18:22:01.836] [INFO] ReactSNS-Backend - connected from localhost:3001 id: 00Jo9znHVgdc5LJ8AACD
[2022-12-21T18:22:10.375] [INFO] ReactSNS-Backend - connected from localhost:3001 id: IvgV9GtGP4K7qJKSAACF
[2022-12-21T18:22:40.927] [INFO] ReactSNS-Backend - connected from localhost:3001 id: 05pYaNvHxum7nrl_AACH
[2022-12-21T18:22:42.188] [INFO] ReactSNS-Backend - connected from localhost:3001 id: cZJWlpK5OtYCIV_CAACJ
[2022-12-21T18:23:17.629] [INFO] ReactSNS-Backend - connected from localhost:3001 id: FxKOt476_ZPrgQomAACL
[2022-12-21T18:23:19.724] [INFO] ReactSNS-Backend - connected from localhost:3001 id: Id_K-L-stLxwbrbQAACN
[2022-12-21T18:23:24.681] [INFO] ReactSNS-Backend - connected from localhost:3001 id: s0eLoQ6-WxXLP5F5AACP
[2022-12-21T18:23:40.540] [INFO] ReactSNS-Backend - connected from localhost:3001 id: H9DeJQtzwobGqPfTAACR
[2022-12-21T18:24:07.188] [INFO] ReactSNS-Backend - connected from localhost:3001 id: nJsVDXAI42p8mfEIAACT
[2022-12-21T18:24:48.706] [INFO] ReactSNS-Backend - connected from localhost:3001 id: NWijXeg8BDqNIsL8AACV
[2022-12-21T18:24:50.344] [INFO] ReactSNS-Backend - connected from localhost:3001 id: HeuucBNe2ciKc5BOAACX
[2022-12-21T18:24:51.301] [INFO] ReactSNS-Backend - connected from localhost:3001 id: cuoVrcTO9cuRKFoNAACZ
[2022-12-21T18:24:54.945] [INFO] ReactSNS-Backend - connected from localhost:3001 id: E7vxjZE7TGVSeIRwAACb
[2022-12-21T18:25:23.329] [INFO] ReactSNS-Backend - connected from localhost:3001 id: CONPrf-sZ9Mo3aFEAACd
[2022-12-21T18:25:26.885] [INFO] ReactSNS-Backend - connected from localhost:3001 id: bhGl9cL13oxjkqm9AACf
[2022-12-21T18:26:28.312] [INFO] ReactSNS-Backend - connected from localhost:3001 id: IGdVj44xz5cFfeVoAACh
[2022-12-21T18:26:29.903] [INFO] ReactSNS-Backend - connected from localhost:3001 id: lB-YGDkUTAmBcaCSAACj
[2022-12-21T18:26:36.908] [INFO] ReactSNS-Backend - connected from localhost:3001 id: zM1EJKWTYLrufnJpAACl
[2022-12-21T18:28:27.003] [INFO] ReactSNS-Backend - connected from localhost:3001 id: n95Sf58hu594jtoCAACn
[2022-12-21T18:28:27.286] [INFO] ReactSNS-Backend - connected from localhost:3001 id: 3rC2GeGK2Ay6bAp7AACp
[2022-12-21T18:28:35.988] [INFO] ReactSNS-Backend - connected from localhost:3001 id: SxcA8ySEdHlsFBkWAACr
[2022-12-21T18:28:45.111] [INFO] ReactSNS-Backend - connected from localhost:3001 id: wnkdzyjuYV3K7PX8AACt
[2022-12-21T18:28:53.951] [INFO] ReactSNS-Backend - connected from localhost:3001 id: VNKi0NzaSja3rVh_AACv
[2022-12-21T18:28:54.211] [INFO] ReactSNS-Backend - connected from localhost:3001 id: jA7-dFPEIOX8_RYnAACx
[2022-12-21T18:29:20.256] [INFO] ReactSNS-Backend - connected from localhost:3001 id: BOnOPOf-J7lMhVprAACz
[2022-12-21T18:29:21.631] [INFO] ReactSNS-Backend - connected from localhost:3001 id: edosn9vaJ8--JGUvAAC1
[2022-12-21T18:29:29.924] [INFO] ReactSNS-Backend - connected from localhost:3001 id: Ye7VkH1s5X5ZAIhFAAC3
[2022-12-21T18:29:31.346] [INFO] ReactSNS-Backend - connected from localhost:3001 id: ZYENwfg23wmUbARnAAC5
[2022-12-21T18:29:52.359] [INFO] ReactSNS-Backend - connected from localhost:3001 id: cfqqzMzqxk4WRvSzAAC7
[2022-12-21T18:29:55.632] [INFO] ReactSNS-Backend - connected from localhost:3001 id: nR_FimdJmH7MIwZrAAC9
[2022-12-21T18:30:02.226] [INFO] ReactSNS-Backend - connected from localhost:3001 id: ZI2KzuJlb1QIZ5CzAAC_
[2022-12-21T18:30:34.352] [INFO] ReactSNS-Backend - connected from localhost:3001 id: nTAx35OGKeqpzNGkAADB
[2022-12-21T18:30:34.693] [INFO] ReactSNS-Backend - connected from localhost:3001 id: lTbPb-VkEGKydXmHAADD
[2022-12-21T18:32:08.212] [INFO] ReactSNS-Backend - connected from localhost:3001 id: YdpgF3pinY0PQiaCAADF
[2022-12-21T18:32:08.571] [INFO] ReactSNS-Backend - connected from localhost:3001 id: jDCC1Z2mN5b-l4e_AADH
[2022-12-21T18:33:22.257] [INFO] ReactSNS-Backend - connected from localhost:3001 id: BE1ivdrzIq_5C3jBAADJ
